Performing C++ SOURCE FILE Test CMAKE_HAVE_LIBC_PTHREAD failed with the following output:
Change Dir: /home/ludger/source/sda/build/CMakeFiles/CMakeTmp

Run Build Command(s):/usr/bin/make cmTC_6d45c/fast && /usr/bin/make -f CMakeFiles/cmTC_6d45c.dir/build.make CMakeFiles/cmTC_6d45c.dir/build
make[1]: Entering directory '/home/ludger/source/sda/build/CMakeFiles/CMakeTmp'
Building CXX object CMakeFiles/cmTC_6d45c.dir/src.cxx.o
/bin/x86_64-linux-gnu-g++-9    -DCMAKE_HAVE_LIBC_PTHREAD   -o CMakeFiles/cmTC_6d45c.dir/src.cxx.o -c /home/ludger/source/sda/build/CMakeFiles/CMakeTmp/src.cxx
Linking CXX executable cmTC_6d45c
/usr/bin/cmake -E cmake_link_script CMakeFiles/cmTC_6d45c.dir/link.txt --verbose=1
/bin/x86_64-linux-gnu-g++-9   -DCMAKE_HAVE_LIBC_PTHREAD    -rdynamic CMakeFiles/cmTC_6d45c.dir/src.cxx.o  -o cmTC_6d45c 
/usr/bin/ld: CMakeFiles/cmTC_6d45c.dir/src.cxx.o: in function `main':
src.cxx:(.text+0x46): undefined reference to `pthread_create'
/usr/bin/ld: src.cxx:(.text+0x52): undefined reference to `pthread_detach'
/usr/bin/ld: src.cxx:(.text+0x63): undefined reference to `pthread_join'
collect2: error: ld returned 1 exit status
make[1]: *** [CMakeFiles/cmTC_6d45c.dir/build.make:87: cmTC_6d45c] Error 1
make[1]: Leaving directory '/home/ludger/source/sda/build/CMakeFiles/CMakeTmp'
make: *** [Makefile:121: cmTC_6d45c/fast] Error 2


Source file was:
#include <pthread.h>

void* test_func(void* data)
{
  return data;
}

int main(void)
{
  pthread_t thread;
  pthread_create(&thread, NULL, test_func, NULL);
  pthread_detach(thread);
  pthread_join(thread, NULL);
  pthread_atfork(NULL, NULL, NULL);
  pthread_exit(NULL);

  return 0;
}

Determining if the function pthread_create exists in the pthreads failed with the following output:
Change Dir: /home/ludger/source/sda/build/CMakeFiles/CMakeTmp

Run Build Command(s):/usr/bin/make cmTC_4e06f/fast && /usr/bin/make -f CMakeFiles/cmTC_4e06f.dir/build.make CMakeFiles/cmTC_4e06f.dir/build
make[1]: Entering directory '/home/ludger/source/sda/build/CMakeFiles/CMakeTmp'
Building CXX object CMakeFiles/cmTC_4e06f.dir/CheckFunctionExists.cxx.o
/bin/x86_64-linux-gnu-g++-9    -DCHECK_FUNCTION_EXISTS=pthread_create   -o CMakeFiles/cmTC_4e06f.dir/CheckFunctionExists.cxx.o -c /home/ludger/source/sda/build/CMakeFiles/CheckLibraryExists/CheckFunctionExists.cxx
Linking CXX executable cmTC_4e06f
/usr/bin/cmake -E cmake_link_script CMakeFiles/cmTC_4e06f.dir/link.txt --verbose=1
/bin/x86_64-linux-gnu-g++-9   -DCHECK_FUNCTION_EXISTS=pthread_create    -rdynamic CMakeFiles/cmTC_4e06f.dir/CheckFunctionExists.cxx.o  -o cmTC_4e06f  -lpthreads 
/usr/bin/ld: cannot find -lpthreads
collect2: error: ld returned 1 exit status
make[1]: *** [CMakeFiles/cmTC_4e06f.dir/build.make:87: cmTC_4e06f] Error 1
make[1]: Leaving directory '/home/ludger/source/sda/build/CMakeFiles/CMakeTmp'
make: *** [Makefile:121: cmTC_4e06f/fast] Error 2



